#
# There is insufficient memory for the Java Runtime Environment to continue.
# Native memory allocation (mmap) failed to map 398458880 bytes for Failed to commit area from 0x0000000684a00000 to 0x000000069c600000 of length 398458880.
# Possible reasons:
#   The system is out of physical RAM or swap space
#   The process is running with CompressedOops enabled, and the Java Heap may be blocking the growth of the native heap
# Possible solutions:
#   Reduce memory load on the system
#   Increase physical memory or swap space
#   Check if swap backing store is full
#   Decrease Java heap size (-Xmx/-Xms)
#   Decrease number of Java threads
#   Decrease Java thread stack sizes (-Xss)
#   Set larger code cache with -XX:ReservedCodeCacheSize=
# This output file may be truncated or incomplete.
#
#  Out of Memory Error (./src/hotspot/os/windows/os_windows.cpp:3387), pid=25904, tid=24736
#
# JRE version:  (11.0.14.1+1) (build )
# Java VM: OpenJDK 64-Bit Server VM (11.0.14.1+1, mixed mode, sharing, tiered, compressed oops, g1 gc, windows-amd64)
# No core dump will be written. Minidumps are not enabled by default on client versions of Windows
#

---------------  S U M M A R Y ------------

Command Line: -Dfile.encoding=UTF-8 

Host: 12th Gen Intel(R) Core(TM) i7-12650H, 16 cores, 23G,  Windows 11 , 64 bit Build 22621 (10.0.22621.3085)
Time: Tue Jan 30 14:41:40 2024 Korea Standard Time elapsed time: 0.053933 seconds (0d 0h 0m 0s)

---------------  T H R E A D  ---------------

Current thread (0x00000299ae8de000):  JavaThread "Unknown thread" [_thread_in_vm, id=24736, stack(0x000000a925e00000,0x000000a925f00000)]

Stack: [0x000000a925e00000,0x000000a925f00000]
Native frames: (J=compiled Java code, j=interpreted, Vv=VM code, C=native code)
V  [jvm.dll+0x61e59a]
V  [jvm.dll+0x7aaca9]
V  [jvm.dll+0x7ac398]
V  [jvm.dll+0x7aca73]
V  [jvm.dll+0x24f9b8]
V  [jvm.dll+0x61b83a]
V  [jvm.dll+0x6100c5]
V  [jvm.dll+0x30772c]
V  [jvm.dll+0x3075b2]
V  [jvm.dll+0x30c2d6]
V  [jvm.dll+0x35272f]
V  [jvm.dll+0x352160]
V  [jvm.dll+0x2e4728]
V  [jvm.dll+0x2e5886]
V  [jvm.dll+0x784b07]
V  [jvm.dll+0x78628f]
V  [jvm.dll+0x35f479]
V  [jvm.dll+0x767aa0]
V  [jvm.dll+0x3ccf1f]
V  [jvm.dll+0x3cf2b1]
C  [jli.dll+0x5207]
C  [ucrtbase.dll+0x29363]
C  [KERNEL32.DLL+0x1257d]
C  [ntdll.dll+0x5aa58]


---------------  P R O C E S S  ---------------

Threads class SMR info:
_java_thread_list=0x00000299ae695b40, length=0, elements={
}

Java Threads: ( => current thread )

Other Threads:
  0x00000299ae8f7800 GCTaskThread "GC Thread#0" [stack: 0x000000a925f00000,0x000000a926000000] [id=25372]
  0x00000299ae982800 ConcurrentGCThread "G1 Main Marker" [stack: 0x000000a926000000,0x000000a926100000] [id=17564]
  0x00000299ae985000 ConcurrentGCThread "G1 Conc#0" [stack: 0x000000a926100000,0x000000a926200000] [id=8920]

[error occurred during error reporting (printing all threads), id 0xc0000005, EXCEPTION_ACCESS_VIOLATION (0xc0000005) at pc=0x00007ff97d013ef7]

VM state:not at safepoint (not fully initialized)

VM Mutex/Monitor currently owned by a thread:  ([mutex/lock_event])
[0x00000299ae8db2a0] Heap_lock - owner thread: 0x00000299ae8de000

Heap address: 0x0000000684a00000, size: 6070 MB, Compressed Oops mode: Non-zero based: 0x0000000684a00000
Narrow klass base: 0x0000000000000000, Narrow klass shift: 0

GC Heap History (0 events):
No events

Deoptimization events (0 events):
No events

Classes redefined (0 events):
No events

Internal exceptions (0 events):
No events

Events (1 events):
Event: 0.011 Loaded shared library C:\unity\2022.3.14f1\Editor\Data\PlaybackEngines\AndroidPlayer\OpenJDK\bin\zip.dll


Dynamic libraries:
0x00007ff7b12b0000 - 0x00007ff7b12bd000 	C:\unity\2022.3.14f1\Editor\Data\PlaybackEngines\AndroidPlayer\OpenJDK\bin\java.exe
0x00007ff9d1cb0000 - 0x00007ff9d1ec7000 	C:\WINDOWS\SYSTEM32\ntdll.dll
0x00007ff9d0c90000 - 0x00007ff9d0d54000 	C:\WINDOWS\System32\KERNEL32.DLL
0x00007ff9cf410000 - 0x00007ff9cf7b6000 	C:\WINDOWS\System32\KERNELBASE.dll
0x00007ff9cf1d0000 - 0x00007ff9cf2e1000 	C:\WINDOWS\System32\ucrtbase.dll
0x00007ff98b480000 - 0x00007ff98b497000 	C:\unity\2022.3.14f1\Editor\Data\PlaybackEngines\AndroidPlayer\OpenJDK\bin\jli.dll
0x00007ff9829a0000 - 0x00007ff9829b5000 	C:\unity\2022.3.14f1\Editor\Data\PlaybackEngines\AndroidPlayer\OpenJDK\bin\VCRUNTIME140.dll
0x00007ff9d0210000 - 0x00007ff9d03be000 	C:\WINDOWS\System32\USER32.dll
0x00007ff9cf9d0000 - 0x00007ff9cf9f6000 	C:\WINDOWS\System32\win32u.dll
0x00007ff9d0990000 - 0x00007ff9d09b9000 	C:\WINDOWS\System32\GDI32.dll
0x00007ff9cf2f0000 - 0x00007ff9cf408000 	C:\WINDOWS\System32\gdi32full.dll
0x00007ff9cf870000 - 0x00007ff9cf90a000 	C:\WINDOWS\System32\msvcp_win.dll
0x00007ff9b1430000 - 0x00007ff9b16c3000 	C:\WINDOWS\WinSxS\amd64_microsoft.windows.common-controls_6595b64144ccf1df_6.0.22621.2506_none_270c5ae97388e100\COMCTL32.dll
0x00007ff9d0580000 - 0x00007ff9d0627000 	C:\WINDOWS\System32\msvcrt.dll
0x00007ff9d1bc0000 - 0x00007ff9d1bf1000 	C:\WINDOWS\System32\IMM32.DLL
0x00007ff97e680000 - 0x00007ff97e71b000 	C:\unity\2022.3.14f1\Editor\Data\PlaybackEngines\AndroidPlayer\OpenJDK\bin\msvcp140.dll
0x00007ff97cd20000 - 0x00007ff97d8a1000 	C:\unity\2022.3.14f1\Editor\Data\PlaybackEngines\AndroidPlayer\OpenJDK\bin\server\jvm.dll
0x00007ff9d0df0000 - 0x00007ff9d0ea3000 	C:\WINDOWS\System32\ADVAPI32.dll
0x00007ff9d07b0000 - 0x00007ff9d0858000 	C:\WINDOWS\System32\sechost.dll
0x00007ff9cf7c0000 - 0x00007ff9cf7e8000 	C:\WINDOWS\System32\bcrypt.dll
0x00007ff9d1050000 - 0x00007ff9d1167000 	C:\WINDOWS\System32\RPCRT4.dll
0x00007ff9d1c00000 - 0x00007ff9d1c08000 	C:\WINDOWS\System32\PSAPI.DLL
0x00007ff9bdfe0000 - 0x00007ff9bdfe9000 	C:\WINDOWS\SYSTEM32\WSOCK32.dll
0x00007ff9d0b10000 - 0x00007ff9d0b81000 	C:\WINDOWS\System32\WS2_32.dll
0x00007ff9c5320000 - 0x00007ff9c532a000 	C:\WINDOWS\SYSTEM32\VERSION.dll
0x00007ff9c7420000 - 0x00007ff9c7454000 	C:\WINDOWS\SYSTEM32\WINMM.dll
0x00007ff9ce000000 - 0x00007ff9ce018000 	C:\WINDOWS\SYSTEM32\kernel.appcore.dll
0x00007ff9ac6b0000 - 0x00007ff9ac6c0000 	C:\unity\2022.3.14f1\Editor\Data\PlaybackEngines\AndroidPlayer\OpenJDK\bin\verify.dll
0x00007ff9cc7a0000 - 0x00007ff9cc9d3000 	C:\WINDOWS\SYSTEM32\DBGHELP.DLL
0x00007ff9cfa00000 - 0x00007ff9cfd89000 	C:\WINDOWS\System32\combase.dll
0x00007ff9d0a30000 - 0x00007ff9d0b07000 	C:\WINDOWS\System32\OLEAUT32.dll
0x00007ff9c5710000 - 0x00007ff9c5742000 	C:\WINDOWS\SYSTEM32\dbgcore.DLL
0x00007ff9cf7f0000 - 0x00007ff9cf86a000 	C:\WINDOWS\System32\bcryptPrimitives.dll
0x00007ff9812e0000 - 0x00007ff981308000 	C:\unity\2022.3.14f1\Editor\Data\PlaybackEngines\AndroidPlayer\OpenJDK\bin\java.dll
0x00007ff9abc00000 - 0x00007ff9abc0a000 	C:\unity\2022.3.14f1\Editor\Data\PlaybackEngines\AndroidPlayer\OpenJDK\bin\jimage.dll
0x00007ff980fd0000 - 0x00007ff980fe8000 	C:\unity\2022.3.14f1\Editor\Data\PlaybackEngines\AndroidPlayer\OpenJDK\bin\zip.dll

dbghelp: loaded successfully - version: 4.0.5 - missing functions: none
symbol engine: initialized successfully - sym options: 0x614 - pdb path: .;C:\unity\2022.3.14f1\Editor\Data\PlaybackEngines\AndroidPlayer\OpenJDK\bin;C:\WINDOWS\SYSTEM32;C:\WINDOWS\WinSxS\amd64_microsoft.windows.common-controls_6595b64144ccf1df_6.0.22621.2506_none_270c5ae97388e100;C:\unity\2022.3.14f1\Editor\Data\PlaybackEngines\AndroidPlayer\OpenJDK\bin\server

VM Arguments:
jvm_args: -Dfile.encoding=UTF-8 
java_command: <unknown>
java_class_path (initial): <not set>
Launcher Type: SUN_STANDARD

[Global flags]
     intx CICompilerCount                          = 12                                        {product} {ergonomic}
     uint ConcGCThreads                            = 3                                         {product} {ergonomic}
     uint G1ConcRefinementThreads                  = 13                                        {product} {ergonomic}
   size_t G1HeapRegionSize                         = 1048576                                   {product} {ergonomic}
    uintx GCDrainStackTargetSize                   = 64                                        {product} {ergonomic}
   size_t InitialHeapSize                          = 398458880                                 {product} {ergonomic}
   size_t MarkStackSize                            = 4194304                                   {product} {ergonomic}
   size_t MaxHeapSize                              = 6364856320                                {product} {ergonomic}
   size_t MinHeapDeltaBytes                        = 1048576                                   {product} {ergonomic}
    uintx NonNMethodCodeHeapSize                   = 7594288                                {pd product} {ergonomic}
    uintx NonProfiledCodeHeapSize                  = 122031976                              {pd product} {ergonomic}
    uintx ProfiledCodeHeapSize                     = 122031976                              {pd product} {ergonomic}
    uintx ReservedCodeCacheSize                    = 251658240                              {pd product} {ergonomic}
     bool SegmentedCodeCache                       = true                                      {product} {ergonomic}
     bool UseCompressedClassPointers               = true                                 {lp64_product} {ergonomic}
     bool UseCompressedOops                        = true                                 {lp64_product} {ergonomic}
     bool UseG1GC                                  = true                                      {product} {ergonomic}
     bool UseLargePagesIndividualAllocation        = false                                  {pd product} {ergonomic}

Logging:
Log output configuration:
 #0: stdout all=warning uptime,level,tags
 #1: stderr all=off uptime,level,tags

Environment Variables:
JAVA_TOOL_OPTIONS=-Dfile.encoding=UTF-8
PATH=C:\Program Files (x86)\Common Files\Oracle\Java\javapath;C:\app\Park\product\21c\dbhomeXE\bin;C:\WINDOWS\system32;C:\WINDOWS;C:\WINDOWS\System32\Wbem;C:\WINDOWS\System32\WindowsPowerShell\v1.0\;C:\WINDOWS\System32\OpenSSH\;C:\Program Files\Bandizip\;C:\Program Files\MySQL\MySQL Server 8.0\bin;C:\Program Files\dotnet\;C:\Program Files\nodejs\;C:\Program Files\Git\cmd;C:\Ruby32-x64\bin;C:\Users\maldron\AppData\Local\Microsoft\WindowsApps;C:\Users\maldron\AppData\Local\Programs\Microsoft VS Code\bin;C:\Program Files\Git\mingw64\bin;C:\Users\maldron\AppData\Roaming\npm;C:\Program Files\JetBrains\IntelliJ IDEA 2023.2.3\bin;;C:\Users\maldron\.dotnet\tools;C:\venvs;C:\Users\maldron;C:\Users\maldron\AppData\Local\Programs\Python\Python312;C:\Users\maldron\AppData\Local\Programs\Python\Python312\Scripts;
USERNAME=maldron
OS=Windows_NT
PROCESSOR_IDENTIFIER=Intel64 Family 6 Model 154 Stepping 3, GenuineIntel



---------------  S Y S T E M  ---------------

OS: Windows 11 , 64 bit Build 22621 (10.0.22621.3085)
OS uptime: 6 days 3:10 hours
Hyper-V role detected

CPU:total 16 (initial active 16) (8 cores per cpu, 2 threads per core) family 6 model 154 stepping 3 microcode 0x41f, cmov, cx8, fxsr, mmx, sse, sse2, sse3, ssse3, sse4.1, sse4.2, popcnt, avx, avx2, aes, clmul, erms, 3dnowpref, lzcnt, ht, tsc, tscinvbit, bmi1, bmi2, adx, sha, fma

Memory: 4k page, system-wide physical 24279M (2374M free)
TotalPageFile size 26316M (AvailPageFile size 69M)
current process WorkingSet (physical memory assigned to process): 12M, peak: 12M
current process commit charge ("private bytes"): 72M, peak: 452M

vm_info: OpenJDK 64-Bit Server VM (11.0.14.1+1) for windows-amd64 JRE (11.0.14.1+1), built on Feb  9 2022 01:48:27 by "" with unknown MS VC++:1916

END.
